New log file opened at Wed Jun 17 15:08:14 CDT 2015 by 7852@psteinbach-osx
Sending msg to client play-fork-run-dd38dcf1-e5e9-4220-954b-0279d0b638cd: DetachedLogEvent(LogMessage(debug,sbt server socket logs are in: /Users/psteinbach/website/playWebsite/psWeb/.sbtserver/connections/master.log))
Sending msg to client play-fork-run-dd38dcf1-e5e9-4220-954b-0279d0b638cd: DetachedLogEvent(LogMessage(debug,sbt client logs are in: /Users/psteinbach/website/playWebsite/psWeb/.sbtserver/connections/play-fork-run-dd38dcf1-e5e9-4220-954b-0279d0b638cd.log))
Sending msg to client play-fork-run-dd38dcf1-e5e9-4220-954b-0279d0b638cd: DetachedLogEvent(LogMessage(debug,sbt general server logs are in: /Users/psteinbach/website/playWebsite/psWeb/.sbtserver/master.log))
Reading next message from client.
Got request: DaemonRequest(true)
Reading next message from client.
Sending msg to client play-fork-run-dd38dcf1-e5e9-4220-954b-0279d0b638cd: (3,ReceivedResponse())
Got request: ListenToEvents()
Reading next message from client.
Sending msg to client play-fork-run-dd38dcf1-e5e9-4220-954b-0279d0b638cd: BackgroundJobStarted(16,BackgroundJobInfo(2,backgroundRun,AttributeKey[sbt.BackgroundJobHandle]("backgroundRun") in Scope(Build: file:/Users/psteinbach/website/playWebsite/psWeb/, , Project: ProjectReference(file:/Users/psteinbach/website/playWebsite/psWeb/,root), Config: compile)))
Sending msg to client play-fork-run-dd38dcf1-e5e9-4220-954b-0279d0b638cd: (4,ReceivedResponse())
Got request: KeyLookupRequest(root/playForkConfig)
Reading next message from client.
Sending msg to client play-fork-run-dd38dcf1-e5e9-4220-954b-0279d0b638cd: (5,KeyLookupResponse(root/playForkConfig,Vector(AttributeKey[play.forkrun.protocol.ForkConfig]("playForkConfig") in Scope(Build: file:/Users/psteinbach/website/playWebsite/psWeb/, , Project: ProjectReference(file:/Users/psteinbach/website/playWebsite/psWeb/,root)))))
Got request: ListenToValue(AttributeKey[play.forkrun.protocol.ForkConfig]("playForkConfig") in Scope(Build: file:/Users/psteinbach/website/playWebsite/psWeb/, , Project: ProjectReference(file:/Users/psteinbach/website/playWebsite/psWeb/,root)))
Reading next message from client.
Sending msg to client play-fork-run-dd38dcf1-e5e9-4220-954b-0279d0b638cd: (6,ReceivedResponse())
Got request: KeyExecutionRequest(AttributeKey[play.forkrun.protocol.ForkConfig]("playForkConfig") in Scope(Build: file:/Users/psteinbach/website/playWebsite/psWeb/, , Project: ProjectReference(file:/Users/psteinbach/website/playWebsite/psWeb/,root)))
Reading next message from client.
Sending msg to client play-fork-run-dd38dcf1-e5e9-4220-954b-0279d0b638cd: (7,ExecutionRequestReceived(17))
Sending msg to client play-fork-run-dd38dcf1-e5e9-4220-954b-0279d0b638cd: ExecutionWaiting(17,{file:/Users/psteinbach/website/playWebsite/psWeb/}root/*:playForkConfig,ClientInfo(dd38dcf1-e5e9-4220-954b-0279d0b638cd,play-fork-run,Play Fork Run,1,Vector()))
Sending msg to client play-fork-run-dd38dcf1-e5e9-4220-954b-0279d0b638cd: ExecutionStarting(17)
Sending msg to client play-fork-run-dd38dcf1-e5e9-4220-954b-0279d0b638cd: DetachedLogEvent(LogMessage(debug,> {file:/Users/psteinbach/website/playWebsite/psWeb/}root/*:playForkConfig))
Sending msg to client play-fork-run-dd38dcf1-e5e9-4220-954b-0279d0b638cd: DetachedLogEvent(LogMessage(debug,Evaluating tasks: *:playForkConfig))
Sending msg to client play-fork-run-dd38dcf1-e5e9-4220-954b-0279d0b638cd: DetachedLogEvent(LogMessage(debug,Running task... Cancel: sbt.server.ServerTaskCancellation@184f9779, check cycles: false))
Sending msg to client play-fork-run-dd38dcf1-e5e9-4220-954b-0279d0b638cd: DetachedLogEvent(LogMessage(debug,cancel strategy start enabled=true lastCommand=Some(LastCommand(CommandExecutionWork(ExecutionId(17),{file:/Users/psteinbach/website/playWebsite/psWeb/}root/*:playForkConfig,Set(LiveClient(play-fork-run dd38dcf1-e5e9-4220-954b-0279d0b638cd)),sbt.server.WorkCancellationStatus$$anon$1@41372975)))))
Sending msg to client play-fork-run-dd38dcf1-e5e9-4220-954b-0279d0b638cd: TaskStarted(17,1589,Some(AttributeKey[scala.collection.Seq[java.lang.String]]("javaOptions") in Scope(Global)))
Sending msg to client play-fork-run-dd38dcf1-e5e9-4220-954b-0279d0b638cd: TaskStarted(17,1591,Some(AttributeKey[scala.Tuple2[java.lang.String,java.io.File]]("playPrefixAndAssets") in Scope(Build: file:/Users/psteinbach/website/playWebsite/psWeb/, , Project: ProjectReference(file:/Users/psteinbach/website/playWebsite/psWeb/,root))))
Sending msg to client play-fork-run-dd38dcf1-e5e9-4220-954b-0279d0b638cd: TaskStarted(17,1594,None)
Sending msg to client play-fork-run-dd38dcf1-e5e9-4220-954b-0279d0b638cd: TaskStarted(17,1600,None)
Sending msg to client play-fork-run-dd38dcf1-e5e9-4220-954b-0279d0b638cd: TaskStarted(17,1607,None)
Sending msg to client play-fork-run-dd38dcf1-e5e9-4220-954b-0279d0b638cd: TaskStarted(17,1611,Some(AttributeKey[java.lang.String]("updateCacheName") in Scope(Build: file:/Users/psteinbach/website/playWebsite/psWeb/, , Project: ProjectReference(file:/Users/psteinbach/website/playWebsite/psWeb/,root))))
Sending msg to client play-fork-run-dd38dcf1-e5e9-4220-954b-0279d0b638cd: TaskStarted(17,1615,Some(AttributeKey[boolean]("skip") in Scope(Global)))
Sending msg to client play-fork-run-dd38dcf1-e5e9-4220-954b-0279d0b638cd: TaskStarted(17,1618,None)
Sending msg to client play-fork-run-dd38dcf1-e5e9-4220-954b-0279d0b638cd: TaskStarted(17,1619,None)
Sending msg to client play-fork-run-dd38dcf1-e5e9-4220-954b-0279d0b638cd: TaskStarted(17,1620,None)
Sending msg to client play-fork-run-dd38dcf1-e5e9-4220-954b-0279d0b638cd: TaskStarted(17,1622,None)
Sending msg to client play-fork-run-dd38dcf1-e5e9-4220-954b-0279d0b638cd: TaskStarted(17,1628,Some(AttributeKey[scala.collection.Seq[sbt.Credentials]]("credentials") in Scope(Global)))
Sending msg to client play-fork-run-dd38dcf1-e5e9-4220-954b-0279d0b638cd: TaskStarted(17,1632,Some(AttributeKey[scala.Option[scala.collection.Seq[sbt.Resolver]]]("bootResolvers") in Scope(Build: file:/Users/psteinbach/website/playWebsite/psWeb/, , Project: ProjectReference(file:/Users/psteinbach/website/playWebsite/psWeb/,root))))
Sending msg to client play-fork-run-dd38dcf1-e5e9-4220-954b-0279d0b638cd: TaskStarted(17,1633,Some(AttributeKey[scala.collection.Seq[sbt.Resolver]]("externalResolvers") in Scope(Build: file:/Users/psteinbach/website/playWebsite/psWeb/, , Project: ProjectReference(file:/Users/psteinbach/website/playWebsite/psWeb/,root))))
Sending msg to client play-fork-run-dd38dcf1-e5e9-4220-954b-0279d0b638cd: TaskStarted(17,1639,Some(AttributeKey[scala.Option[java.lang.String]]("mainClass") in Scope(Build: file:/Users/psteinbach/website/playWebsite/psWeb/, , Project: ProjectReference(file:/Users/psteinbach/website/playWebsite/psWeb/,root), Config: compile, Task: AttributeKey[void]("run"))))
Sending msg to client play-fork-run-dd38dcf1-e5e9-4220-954b-0279d0b638cd: TaskStarted(17,1643,None)
Sending msg to client play-fork-run-dd38dcf1-e5e9-4220-954b-0279d0b638cd: TaskFinished(17,1589,Some(AttributeKey[scala.collection.Seq[java.lang.String]]("javaOptions") in Scope(Global)),true,None)
Sending msg to client play-fork-run-dd38dcf1-e5e9-4220-954b-0279d0b638cd: TaskFinished(17,1591,Some(AttributeKey[scala.Tuple2[java.lang.String,java.io.File]]("playPrefixAndAssets") in Scope(Build: file:/Users/psteinbach/website/playWebsite/psWeb/, , Project: ProjectReference(file:/Users/psteinbach/website/playWebsite/psWeb/,root))),true,None)
Sending msg to client play-fork-run-dd38dcf1-e5e9-4220-954b-0279d0b638cd: TaskStarted(17,1590,Some(AttributeKey[scala.collection.Seq[scala.Tuple2[java.lang.String,java.io.File]]]("playAllAssets") in Scope(Build: file:/Users/psteinbach/website/playWebsite/psWeb/, , Project: ProjectReference(file:/Users/psteinbach/website/playWebsite/psWeb/,root))))
Sending msg to client play-fork-run-dd38dcf1-e5e9-4220-954b-0279d0b638cd: TaskFinished(17,1594,None,true,None)
Sending msg to client play-fork-run-dd38dcf1-e5e9-4220-954b-0279d0b638cd: TaskStarted(17,1593,None)
Sending msg to client play-fork-run-dd38dcf1-e5e9-4220-954b-0279d0b638cd: TaskStarted(17,1601,None)
Sending msg to client play-fork-run-dd38dcf1-e5e9-4220-954b-0279d0b638cd: TaskStarted(17,1609,None)
Sending msg to client play-fork-run-dd38dcf1-e5e9-4220-954b-0279d0b638cd: TaskStarted(17,1614,None)
Sending msg to client play-fork-run-dd38dcf1-e5e9-4220-954b-0279d0b638cd: TaskStarted(17,1630,None)
Sending msg to client play-fork-run-dd38dcf1-e5e9-4220-954b-0279d0b638cd: TaskStarted(17,1636,None)
Sending msg to client play-fork-run-dd38dcf1-e5e9-4220-954b-0279d0b638cd: TaskStarted(17,1637,None)
Sending msg to client play-fork-run-dd38dcf1-e5e9-4220-954b-0279d0b638cd: TaskStarted(17,1638,None)
Sending msg to client play-fork-run-dd38dcf1-e5e9-4220-954b-0279d0b638cd: TaskFinished(17,1600,None,true,None)
Sending msg to client play-fork-run-dd38dcf1-e5e9-4220-954b-0279d0b638cd: TaskStarted(17,1599,Some(AttributeKey[sbt.BuildStructure]("buildStructure") in Scope(Global)))
Sending msg to client play-fork-run-dd38dcf1-e5e9-4220-954b-0279d0b638cd: TaskStarted(17,1616,Some(AttributeKey[java.io.File]("dependencyCacheDirectory") in Scope(Build: file:/Users/psteinbach/website/playWebsite/psWeb/, , Project: ProjectReference(file:/Users/psteinbach/website/playWebsite/psWeb/,root))))
Sending msg to client play-fork-run-dd38dcf1-e5e9-4220-954b-0279d0b638cd: TaskFinished(17,1607,None,true,None)
Sending msg to client play-fork-run-dd38dcf1-e5e9-4220-954b-0279d0b638cd: TaskFinished(17,1611,Some(AttributeKey[java.lang.String]("updateCacheName") in Scope(Build: file:/Users/psteinbach/website/playWebsite/psWeb/, , Project: ProjectReference(file:/Users/psteinbach/website/playWebsite/psWeb/,root))),true,None)
Sending msg to client play-fork-run-dd38dcf1-e5e9-4220-954b-0279d0b638cd: TaskFinished(17,1615,Some(AttributeKey[boolean]("skip") in Scope(Global)),true,None)
Sending msg to client play-fork-run-dd38dcf1-e5e9-4220-954b-0279d0b638cd: TaskFinished(17,1618,None,true,None)
Sending msg to client play-fork-run-dd38dcf1-e5e9-4220-954b-0279d0b638cd: TaskFinished(17,1619,None,true,None)
Sending msg to client play-fork-run-dd38dcf1-e5e9-4220-954b-0279d0b638cd: TaskStarted(17,1617,Some(AttributeKey[scala.collection.Seq[sbt.UpdateReport]]("transitiveUpdate") in Scope(Build: file:/Users/psteinbach/website/playWebsite/psWeb/, , Project: ProjectReference(file:/Users/psteinbach/website/playWebsite/psWeb/,root))))
Sending msg to client play-fork-run-dd38dcf1-e5e9-4220-954b-0279d0b638cd: TaskFinished(17,1620,None,true,None)
Sending msg to client play-fork-run-dd38dcf1-e5e9-4220-954b-0279d0b638cd: TaskFinished(17,1622,None,true,None)
Sending msg to client play-fork-run-dd38dcf1-e5e9-4220-954b-0279d0b638cd: TaskFinished(17,1628,Some(AttributeKey[scala.collection.Seq[sbt.Credentials]]("credentials") in Scope(Global)),true,None)
Sending msg to client play-fork-run-dd38dcf1-e5e9-4220-954b-0279d0b638cd: TaskFinished(17,1632,Some(AttributeKey[scala.Option[scala.collection.Seq[sbt.Resolver]]]("bootResolvers") in Scope(Build: file:/Users/psteinbach/website/playWebsite/psWeb/, , Project: ProjectReference(file:/Users/psteinbach/website/playWebsite/psWeb/,root))),true,None)
Sending msg to client play-fork-run-dd38dcf1-e5e9-4220-954b-0279d0b638cd: TaskFinished(17,1633,Some(AttributeKey[scala.collection.Seq[sbt.Resolver]]("externalResolvers") in Scope(Build: file:/Users/psteinbach/website/playWebsite/psWeb/, , Project: ProjectReference(file:/Users/psteinbach/website/playWebsite/psWeb/,root))),true,None)
Sending msg to client play-fork-run-dd38dcf1-e5e9-4220-954b-0279d0b638cd: TaskFinished(17,1639,Some(AttributeKey[scala.Option[java.lang.String]]("mainClass") in Scope(Build: file:/Users/psteinbach/website/playWebsite/psWeb/, , Project: ProjectReference(file:/Users/psteinbach/website/playWebsite/psWeb/,root), Config: compile, Task: AttributeKey[void]("run"))),true,None)
Sending msg to client play-fork-run-dd38dcf1-e5e9-4220-954b-0279d0b638cd: TaskFinished(17,1643,None,true,None)
Sending msg to client play-fork-run-dd38dcf1-e5e9-4220-954b-0279d0b638cd: TaskFinished(17,1590,Some(AttributeKey[scala.collection.Seq[scala.Tuple2[java.lang.String,java.io.File]]]("playAllAssets") in Scope(Build: file:/Users/psteinbach/website/playWebsite/psWeb/, , Project: ProjectReference(file:/Users/psteinbach/website/playWebsite/psWeb/,root))),true,None)
Sending msg to client play-fork-run-dd38dcf1-e5e9-4220-954b-0279d0b638cd: TaskFinished(17,1593,None,true,None)
Sending msg to client play-fork-run-dd38dcf1-e5e9-4220-954b-0279d0b638cd: TaskFinished(17,1630,None,true,None)
Sending msg to client play-fork-run-dd38dcf1-e5e9-4220-954b-0279d0b638cd: TaskFinished(17,1614,None,true,None)
Sending msg to client play-fork-run-dd38dcf1-e5e9-4220-954b-0279d0b638cd: TaskStarted(17,1613,Some(AttributeKey[scala.collection.immutable.Map[sbt.ModuleID,sbt.SourcePosition]]("dependencyPositions") in Scope(Build: file:/Users/psteinbach/website/playWebsite/psWeb/, , Project: ProjectReference(file:/Users/psteinbach/website/playWebsite/psWeb/,root))))
Sending msg to client play-fork-run-dd38dcf1-e5e9-4220-954b-0279d0b638cd: TaskFinished(17,1609,None,true,None)
Sending msg to client play-fork-run-dd38dcf1-e5e9-4220-954b-0279d0b638cd: TaskFinished(17,1636,None,true,None)
Sending msg to client play-fork-run-dd38dcf1-e5e9-4220-954b-0279d0b638cd: TaskFinished(17,1601,None,true,None)
Sending msg to client play-fork-run-dd38dcf1-e5e9-4220-954b-0279d0b638cd: TaskFinished(17,1637,None,true,None)
Sending msg to client play-fork-run-dd38dcf1-e5e9-4220-954b-0279d0b638cd: TaskFinished(17,1638,None,true,None)
Sending msg to client play-fork-run-dd38dcf1-e5e9-4220-954b-0279d0b638cd: TaskFinished(17,1599,Some(AttributeKey[sbt.BuildStructure]("buildStructure") in Scope(Global)),true,None)
Sending msg to client play-fork-run-dd38dcf1-e5e9-4220-954b-0279d0b638cd: TaskStarted(17,1598,Some(AttributeKey[sbt.Settings[sbt.Scope]]("settingsData") in Scope(Global)))
Sending msg to client play-fork-run-dd38dcf1-e5e9-4220-954b-0279d0b638cd: TaskFinished(17,1616,Some(AttributeKey[java.io.File]("dependencyCacheDirectory") in Scope(Build: file:/Users/psteinbach/website/playWebsite/psWeb/, , Project: ProjectReference(file:/Users/psteinbach/website/playWebsite/psWeb/,root))),true,None)
Sending msg to client play-fork-run-dd38dcf1-e5e9-4220-954b-0279d0b638cd: TaskFinished(17,1617,Some(AttributeKey[scala.collection.Seq[sbt.UpdateReport]]("transitiveUpdate") in Scope(Build: file:/Users/psteinbach/website/playWebsite/psWeb/, , Project: ProjectReference(file:/Users/psteinbach/website/playWebsite/psWeb/,root))),true,None)
Sending msg to client play-fork-run-dd38dcf1-e5e9-4220-954b-0279d0b638cd: TaskFinished(17,1613,Some(AttributeKey[scala.collection.immutable.Map[sbt.ModuleID,sbt.SourcePosition]]("dependencyPositions") in Scope(Build: file:/Users/psteinbach/website/playWebsite/psWeb/, , Project: ProjectReference(file:/Users/psteinbach/website/playWebsite/psWeb/,root))),true,None)
Sending msg to client play-fork-run-dd38dcf1-e5e9-4220-954b-0279d0b638cd: TaskStarted(17,1612,Some(AttributeKey[sbt.UnresolvedWarningConfiguration]("unresolvedWarningConfiguration") in Scope(Build: file:/Users/psteinbach/website/playWebsite/psWeb/, , Project: ProjectReference(file:/Users/psteinbach/website/playWebsite/psWeb/,root), Task: AttributeKey[sbt.UpdateReport]("update"))))
Sending msg to client play-fork-run-dd38dcf1-e5e9-4220-954b-0279d0b638cd: TaskFinished(17,1598,Some(AttributeKey[sbt.Settings[sbt.Scope]]("settingsData") in Scope(Global)),true,None)
Sending msg to client play-fork-run-dd38dcf1-e5e9-4220-954b-0279d0b638cd: TaskStarted(17,1597,None)
Sending msg to client play-fork-run-dd38dcf1-e5e9-4220-954b-0279d0b638cd: TaskStarted(17,1621,None)
Sending msg to client play-fork-run-dd38dcf1-e5e9-4220-954b-0279d0b638cd: TaskStarted(17,1626,Some(AttributeKey[scala.collection.Seq[sbt.ModuleID]]("projectDependencies") in Scope(Build: file:/Users/psteinbach/website/playWebsite/psWeb/, , Project: ProjectReference(file:/Users/psteinbach/website/playWebsite/psWeb/,root))))
Sending msg to client play-fork-run-dd38dcf1-e5e9-4220-954b-0279d0b638cd: TaskStarted(17,1635,Some(AttributeKey[scala.collection.immutable.Map[org.apache.ivy.core.module.id.ModuleRevisionId,org.apache.ivy.core.module.descriptor.ModuleDescriptor]]("projectDescriptors") in Scope(Build: file:/Users/psteinbach/website/playWebsite/psWeb/, , Project: ProjectReference(file:/Users/psteinbach/website/playWebsite/psWeb/,root))))
Sending msg to client play-fork-run-dd38dcf1-e5e9-4220-954b-0279d0b638cd: TaskStarted(17,1642,Some(AttributeKey[scala.collection.Seq[java.io.File]]("playMonitoredFiles") in Scope(Build: file:/Users/psteinbach/website/playWebsite/psWeb/, , Project: ProjectReference(file:/Users/psteinbach/website/playWebsite/psWeb/,root))))
Sending msg to client play-fork-run-dd38dcf1-e5e9-4220-954b-0279d0b638cd: TaskFinished(17,1612,Some(AttributeKey[sbt.UnresolvedWarningConfiguration]("unresolvedWarningConfiguration") in Scope(Build: file:/Users/psteinbach/website/playWebsite/psWeb/, , Project: ProjectReference(file:/Users/psteinbach/website/playWebsite/psWeb/,root), Task: AttributeKey[sbt.UpdateReport]("update"))),true,None)
Sending msg to client play-fork-run-dd38dcf1-e5e9-4220-954b-0279d0b638cd: TaskStarted(17,1648,None)
Sending msg to client play-fork-run-dd38dcf1-e5e9-4220-954b-0279d0b638cd: TaskStarted(17,1650,None)
Sending msg to client play-fork-run-dd38dcf1-e5e9-4220-954b-0279d0b638cd: TaskStarted(17,1651,None)
Sending msg to client play-fork-run-dd38dcf1-e5e9-4220-954b-0279d0b638cd: TaskStarted(17,1653,None)
Sending msg to client play-fork-run-dd38dcf1-e5e9-4220-954b-0279d0b638cd: TaskStarted(17,1654,None)
Sending msg to client play-fork-run-dd38dcf1-e5e9-4220-954b-0279d0b638cd: TaskStarted(17,1655,None)
Sending msg to client play-fork-run-dd38dcf1-e5e9-4220-954b-0279d0b638cd: TaskFinished(17,1626,Some(AttributeKey[scala.collection.Seq[sbt.ModuleID]]("projectDependencies") in Scope(Build: file:/Users/psteinbach/website/playWebsite/psWeb/, , Project: ProjectReference(file:/Users/psteinbach/website/playWebsite/psWeb/,root))),true,None)
Sending msg to client play-fork-run-dd38dcf1-e5e9-4220-954b-0279d0b638cd: TaskStarted(17,1625,Some(AttributeKey[scala.collection.Seq[sbt.ModuleID]]("allDependencies") in Scope(Build: file:/Users/psteinbach/website/playWebsite/psWeb/, , Project: ProjectReference(file:/Users/psteinbach/website/playWebsite/psWeb/,root))))
Sending msg to client play-fork-run-dd38dcf1-e5e9-4220-954b-0279d0b638cd: TaskStarted(17,1657,None)
Sending msg to client play-fork-run-dd38dcf1-e5e9-4220-954b-0279d0b638cd: TaskStarted(17,1658,None)
Sending msg to client play-fork-run-dd38dcf1-e5e9-4220-954b-0279d0b638cd: TaskFinished(17,1653,None,true,None)
Sending msg to client play-fork-run-dd38dcf1-e5e9-4220-954b-0279d0b638cd: TaskFinished(17,1648,None,true,None)
Sending msg to client play-fork-run-dd38dcf1-e5e9-4220-954b-0279d0b638cd: TaskStarted(17,1647,None)
Sending msg to client play-fork-run-dd38dcf1-e5e9-4220-954b-0279d0b638cd: TaskFinished(17,1650,None,true,None)
Sending msg to client play-fork-run-dd38dcf1-e5e9-4220-954b-0279d0b638cd: TaskFinished(17,1654,None,true,None)
Sending msg to client play-fork-run-dd38dcf1-e5e9-4220-954b-0279d0b638cd: TaskStarted(17,1652,Some(AttributeKey[scala.collection.Seq[sbt.Attributed[java.io.File]]]("unmanagedJars") in Scope(Build: file:/Users/psteinbach/website/playWebsite/psWeb/, , Project: ProjectReference(file:/Users/psteinbach/website/playWebsite/psWeb/,root), Config: runtime)))
Sending msg to client play-fork-run-dd38dcf1-e5e9-4220-954b-0279d0b638cd: TaskFinished(17,1655,None,true,None)
Sending msg to client play-fork-run-dd38dcf1-e5e9-4220-954b-0279d0b638cd: TaskFinished(17,1621,None,true,None)
Sending msg to client play-fork-run-dd38dcf1-e5e9-4220-954b-0279d0b638cd: TaskFinished(17,1625,Some(AttributeKey[scala.collection.Seq[sbt.ModuleID]]("allDependencies") in Scope(Build: file:/Users/psteinbach/website/playWebsite/psWeb/, , Project: ProjectReference(file:/Users/psteinbach/website/playWebsite/psWeb/,root))),true,None)
Sending msg to client play-fork-run-dd38dcf1-e5e9-4220-954b-0279d0b638cd: TaskStarted(17,1624,Some(AttributeKey[sbt.ModuleSettings]("moduleSettings") in Scope(Build: file:/Users/psteinbach/website/playWebsite/psWeb/, , Project: ProjectReference(file:/Users/psteinbach/website/playWebsite/psWeb/,root))))
Sending msg to client play-fork-run-dd38dcf1-e5e9-4220-954b-0279d0b638cd: TaskFinished(17,1651,None,true,None)
Sending msg to client play-fork-run-dd38dcf1-e5e9-4220-954b-0279d0b638cd: TaskStarted(17,1649,Some(AttributeKey[scala.collection.Seq[sbt.Attributed[java.io.File]]]("unmanagedJars") in Scope(Build: file:/Users/psteinbach/website/playWebsite/psWeb/, , Project: ProjectReference(file:/Users/psteinbach/website/playWebsite/psWeb/,root), Config: compile)))
Sending msg to client play-fork-run-dd38dcf1-e5e9-4220-954b-0279d0b638cd: TaskFinished(17,1657,None,true,None)
Sending msg to client play-fork-run-dd38dcf1-e5e9-4220-954b-0279d0b638cd: TaskStarted(17,1656,None)
Sending msg to client play-fork-run-dd38dcf1-e5e9-4220-954b-0279d0b638cd: TaskStarted(17,1659,None)
Sending msg to client play-fork-run-dd38dcf1-e5e9-4220-954b-0279d0b638cd: TaskFinished(17,1624,Some(AttributeKey[sbt.ModuleSettings]("moduleSettings") in Scope(Build: file:/Users/psteinbach/website/playWebsite/psWeb/, , Project: ProjectReference(file:/Users/psteinbach/website/playWebsite/psWeb/,root))),true,None)
Sending msg to client play-fork-run-dd38dcf1-e5e9-4220-954b-0279d0b638cd: TaskFinished(17,1658,None,true,None)
Sending msg to client play-fork-run-dd38dcf1-e5e9-4220-954b-0279d0b638cd: TaskFinished(17,1642,Some(AttributeKey[scala.collection.Seq[java.io.File]]("playMonitoredFiles") in Scope(Build: file:/Users/psteinbach/website/playWebsite/psWeb/, , Project: ProjectReference(file:/Users/psteinbach/website/playWebsite/psWeb/,root))),true,None)
Sending msg to client play-fork-run-dd38dcf1-e5e9-4220-954b-0279d0b638cd: TaskFinished(17,1652,Some(AttributeKey[scala.collection.Seq[sbt.Attributed[java.io.File]]]("unmanagedJars") in Scope(Build: file:/Users/psteinbach/website/playWebsite/psWeb/, , Project: ProjectReference(file:/Users/psteinbach/website/playWebsite/psWeb/,root), Config: runtime)),true,None)
Sending msg to client play-fork-run-dd38dcf1-e5e9-4220-954b-0279d0b638cd: TaskFinished(17,1649,Some(AttributeKey[scala.collection.Seq[sbt.Attributed[java.io.File]]]("unmanagedJars") in Scope(Build: file:/Users/psteinbach/website/playWebsite/psWeb/, , Project: ProjectReference(file:/Users/psteinbach/website/playWebsite/psWeb/,root), Config: compile)),true,None)
Sending msg to client play-fork-run-dd38dcf1-e5e9-4220-954b-0279d0b638cd: TaskFinished(17,1656,None,true,None)
Sending msg to client play-fork-run-dd38dcf1-e5e9-4220-954b-0279d0b638cd: TaskFinished(17,1635,Some(AttributeKey[scala.collection.immutable.Map[org.apache.ivy.core.module.id.ModuleRevisionId,org.apache.ivy.core.module.descriptor.ModuleDescriptor]]("projectDescriptors") in Scope(Build: file:/Users/psteinbach/website/playWebsite/psWeb/, , Project: ProjectReference(file:/Users/psteinbach/website/playWebsite/psWeb/,root))),true,None)
Sending msg to client play-fork-run-dd38dcf1-e5e9-4220-954b-0279d0b638cd: TaskStarted(17,1634,Some(AttributeKey[sbt.Resolver]("projectResolver") in Scope(Build: file:/Users/psteinbach/website/playWebsite/psWeb/, , Project: ProjectReference(file:/Users/psteinbach/website/playWebsite/psWeb/,root))))
Sending msg to client play-fork-run-dd38dcf1-e5e9-4220-954b-0279d0b638cd: TaskFinished(17,1659,None,true,None)
Sending msg to client play-fork-run-dd38dcf1-e5e9-4220-954b-0279d0b638cd: TaskFinished(17,1647,None,true,None)
Sending msg to client play-fork-run-dd38dcf1-e5e9-4220-954b-0279d0b638cd: TaskStarted(17,1646,Some(AttributeKey[scala.collection.Seq[sbt.Attributed[java.io.File]]]("unmanagedJars") in Scope(Build: file:/Users/psteinbach/website/playWebsite/psWeb/, , Project: ProjectReference(file:/Users/psteinbach/website/playWebsite/psWeb/,root), Config: compile)))
Sending msg to client play-fork-run-dd38dcf1-e5e9-4220-954b-0279d0b638cd: TaskFinished(17,1634,Some(AttributeKey[sbt.Resolver]("projectResolver") in Scope(Build: file:/Users/psteinbach/website/playWebsite/psWeb/, , Project: ProjectReference(file:/Users/psteinbach/website/playWebsite/psWeb/,root))),true,None)
Sending msg to client play-fork-run-dd38dcf1-e5e9-4220-954b-0279d0b638cd: TaskStarted(17,1631,Some(AttributeKey[scala.collection.Seq[sbt.Resolver]]("fullResolvers") in Scope(Build: file:/Users/psteinbach/website/playWebsite/psWeb/, , Project: ProjectReference(file:/Users/psteinbach/website/playWebsite/psWeb/,root))))
Sending msg to client play-fork-run-dd38dcf1-e5e9-4220-954b-0279d0b638cd: TaskFinished(17,1646,Some(AttributeKey[scala.collection.Seq[sbt.Attributed[java.io.File]]]("unmanagedJars") in Scope(Build: file:/Users/psteinbach/website/playWebsite/psWeb/, , Project: ProjectReference(file:/Users/psteinbach/website/playWebsite/psWeb/,root), Config: compile)),true,None)
Sending msg to client play-fork-run-dd38dcf1-e5e9-4220-954b-0279d0b638cd: TaskStarted(17,1645,None)
Sending msg to client play-fork-run-dd38dcf1-e5e9-4220-954b-0279d0b638cd: TaskFinished(17,1631,Some(AttributeKey[scala.collection.Seq[sbt.Resolver]]("fullResolvers") in Scope(Build: file:/Users/psteinbach/website/playWebsite/psWeb/, , Project: ProjectReference(file:/Users/psteinbach/website/playWebsite/psWeb/,root))),true,None)
Sending msg to client play-fork-run-dd38dcf1-e5e9-4220-954b-0279d0b638cd: TaskStarted(17,1629,Some(AttributeKey[sbt.IvyConfiguration]("ivyConfiguration") in Scope(Build: file:/Users/psteinbach/website/playWebsite/psWeb/, , Project: ProjectReference(file:/Users/psteinbach/website/playWebsite/psWeb/,root))))
Sending msg to client play-fork-run-dd38dcf1-e5e9-4220-954b-0279d0b638cd: TaskFinished(17,1645,None,true,None)
Sending msg to client play-fork-run-dd38dcf1-e5e9-4220-954b-0279d0b638cd: TaskStarted(17,1644,None)
Sending msg to client play-fork-run-dd38dcf1-e5e9-4220-954b-0279d0b638cd: TaskFinished(17,1644,None,true,None)
Sending msg to client play-fork-run-dd38dcf1-e5e9-4220-954b-0279d0b638cd: TaskFinished(17,1597,None,true,None)
Sending msg to client play-fork-run-dd38dcf1-e5e9-4220-954b-0279d0b638cd: TaskStarted(17,1596,Some(AttributeKey[scala.collection.Seq[sbt.Attributed[java.io.File]]]("unmanagedClasspath") in Scope(Build: file:/Users/psteinbach/website/playWebsite/psWeb/, , Project: ProjectReference(file:/Users/psteinbach/website/playWebsite/psWeb/,root), Config: runtime)))
Sending msg to client play-fork-run-dd38dcf1-e5e9-4220-954b-0279d0b638cd: TaskFinished(17,1629,Some(AttributeKey[sbt.IvyConfiguration]("ivyConfiguration") in Scope(Build: file:/Users/psteinbach/website/playWebsite/psWeb/, , Project: ProjectReference(file:/Users/psteinbach/website/playWebsite/psWeb/,root))),true,None)
Sending msg to client play-fork-run-dd38dcf1-e5e9-4220-954b-0279d0b638cd: TaskStarted(17,1627,Some(AttributeKey[sbt.IvySbt]("ivySbt") in Scope(Build: file:/Users/psteinbach/website/playWebsite/psWeb/, , Project: ProjectReference(file:/Users/psteinbach/website/playWebsite/psWeb/,root))))
Sending msg to client play-fork-run-dd38dcf1-e5e9-4220-954b-0279d0b638cd: TaskFinished(17,1596,Some(AttributeKey[scala.collection.Seq[sbt.Attributed[java.io.File]]]("unmanagedClasspath") in Scope(Build: file:/Users/psteinbach/website/playWebsite/psWeb/, , Project: ProjectReference(file:/Users/psteinbach/website/playWebsite/psWeb/,root), Config: runtime)),true,None)
Sending msg to client play-fork-run-dd38dcf1-e5e9-4220-954b-0279d0b638cd: TaskFinished(17,1627,Some(AttributeKey[sbt.IvySbt]("ivySbt") in Scope(Build: file:/Users/psteinbach/website/playWebsite/psWeb/, , Project: ProjectReference(file:/Users/psteinbach/website/playWebsite/psWeb/,root))),true,None)
Sending msg to client play-fork-run-dd38dcf1-e5e9-4220-954b-0279d0b638cd: TaskStarted(17,1623,Some(AttributeKey[sbt.IvySbt$Module]("ivyModule") in Scope(Build: file:/Users/psteinbach/website/playWebsite/psWeb/, , Project: ProjectReference(file:/Users/psteinbach/website/playWebsite/psWeb/,root))))
Sending msg to client play-fork-run-dd38dcf1-e5e9-4220-954b-0279d0b638cd: TaskFinished(17,1623,Some(AttributeKey[sbt.IvySbt$Module]("ivyModule") in Scope(Build: file:/Users/psteinbach/website/playWebsite/psWeb/, , Project: ProjectReference(file:/Users/psteinbach/website/playWebsite/psWeb/,root))),true,None)
Sending msg to client play-fork-run-dd38dcf1-e5e9-4220-954b-0279d0b638cd: TaskStarted(17,1610,Some(AttributeKey[sbt.UpdateReport]("update") in Scope(Build: file:/Users/psteinbach/website/playWebsite/psWeb/, , Project: ProjectReference(file:/Users/psteinbach/website/playWebsite/psWeb/,root))))
Sending msg to client play-fork-run-dd38dcf1-e5e9-4220-954b-0279d0b638cd: TaskFinished(17,1610,Some(AttributeKey[sbt.UpdateReport]("update") in Scope(Build: file:/Users/psteinbach/website/playWebsite/psWeb/, , Project: ProjectReference(file:/Users/psteinbach/website/playWebsite/psWeb/,root))),true,None)
Sending msg to client play-fork-run-dd38dcf1-e5e9-4220-954b-0279d0b638cd: TaskStarted(17,1608,Some(AttributeKey[sbt.UpdateReport]("update") in Scope(Build: file:/Users/psteinbach/website/playWebsite/psWeb/, , Project: ProjectReference(file:/Users/psteinbach/website/playWebsite/psWeb/,root))))
Sending msg to client play-fork-run-dd38dcf1-e5e9-4220-954b-0279d0b638cd: TaskFinished(17,1608,Some(AttributeKey[sbt.UpdateReport]("update") in Scope(Build: file:/Users/psteinbach/website/playWebsite/psWeb/, , Project: ProjectReference(file:/Users/psteinbach/website/playWebsite/psWeb/,root))),true,None)
Sending msg to client play-fork-run-dd38dcf1-e5e9-4220-954b-0279d0b638cd: TaskStarted(17,1606,Some(AttributeKey[sbt.Configuration]("classpathConfiguration") in Scope(Build: file:/Users/psteinbach/website/playWebsite/psWeb/, , Project: ProjectReference(file:/Users/psteinbach/website/playWebsite/psWeb/,root), Config: compile)))
Sending msg to client play-fork-run-dd38dcf1-e5e9-4220-954b-0279d0b638cd: TaskStarted(17,1641,Some(AttributeKey[scala.collection.Seq[sbt.Attributed[java.io.File]]]("managedClasspath") in Scope(Build: file:/Users/psteinbach/website/playWebsite/psWeb/, , Project: ProjectReference(file:/Users/psteinbach/website/playWebsite/psWeb/,root), Config: docs)))
Sending msg to client play-fork-run-dd38dcf1-e5e9-4220-954b-0279d0b638cd: TaskFinished(17,1606,Some(AttributeKey[sbt.Configuration]("classpathConfiguration") in Scope(Build: file:/Users/psteinbach/website/playWebsite/psWeb/, , Project: ProjectReference(file:/Users/psteinbach/website/playWebsite/psWeb/,root), Config: compile)),true,None)
Sending msg to client play-fork-run-dd38dcf1-e5e9-4220-954b-0279d0b638cd: TaskStarted(17,1605,None)
Sending msg to client play-fork-run-dd38dcf1-e5e9-4220-954b-0279d0b638cd: TaskFinished(17,1605,None,true,None)
Sending msg to client play-fork-run-dd38dcf1-e5e9-4220-954b-0279d0b638cd: TaskStarted(17,1604,Some(AttributeKey[sbt.Configuration]("classpathConfiguration") in Scope(Build: file:/Users/psteinbach/website/playWebsite/psWeb/, , Project: ProjectReference(file:/Users/psteinbach/website/playWebsite/psWeb/,root), Config: runtime)))
Sending msg to client play-fork-run-dd38dcf1-e5e9-4220-954b-0279d0b638cd: TaskFinished(17,1604,Some(AttributeKey[sbt.Configuration]("classpathConfiguration") in Scope(Build: file:/Users/psteinbach/website/playWebsite/psWeb/, , Project: ProjectReference(file:/Users/psteinbach/website/playWebsite/psWeb/,root), Config: runtime)),true,None)
Sending msg to client play-fork-run-dd38dcf1-e5e9-4220-954b-0279d0b638cd: TaskStarted(17,1603,None)
Sending msg to client play-fork-run-dd38dcf1-e5e9-4220-954b-0279d0b638cd: TaskFinished(17,1603,None,true,None)
Sending msg to client play-fork-run-dd38dcf1-e5e9-4220-954b-0279d0b638cd: TaskStarted(17,1602,Some(AttributeKey[scala.collection.Seq[sbt.Attributed[java.io.File]]]("managedClasspath") in Scope(Build: file:/Users/psteinbach/website/playWebsite/psWeb/, , Project: ProjectReference(file:/Users/psteinbach/website/playWebsite/psWeb/,root), Config: runtime)))
Sending msg to client play-fork-run-dd38dcf1-e5e9-4220-954b-0279d0b638cd: TaskFinished(17,1641,Some(AttributeKey[scala.collection.Seq[sbt.Attributed[java.io.File]]]("managedClasspath") in Scope(Build: file:/Users/psteinbach/website/playWebsite/psWeb/, , Project: ProjectReference(file:/Users/psteinbach/website/playWebsite/psWeb/,root), Config: docs)),true,None)
Sending msg to client play-fork-run-dd38dcf1-e5e9-4220-954b-0279d0b638cd: TaskStarted(17,1640,Some(AttributeKey[scala.Option[java.io.File]]("playDocsJar") in Scope(Build: file:/Users/psteinbach/website/playWebsite/psWeb/, , Project: ProjectReference(file:/Users/psteinbach/website/playWebsite/psWeb/,root))))
Sending msg to client play-fork-run-dd38dcf1-e5e9-4220-954b-0279d0b638cd: TaskFinished(17,1602,Some(AttributeKey[scala.collection.Seq[sbt.Attributed[java.io.File]]]("managedClasspath") in Scope(Build: file:/Users/psteinbach/website/playWebsite/psWeb/, , Project: ProjectReference(file:/Users/psteinbach/website/playWebsite/psWeb/,root), Config: runtime)),true,None)
Sending msg to client play-fork-run-dd38dcf1-e5e9-4220-954b-0279d0b638cd: TaskStarted(17,1595,None)
Sending msg to client play-fork-run-dd38dcf1-e5e9-4220-954b-0279d0b638cd: TaskFinished(17,1640,Some(AttributeKey[scala.Option[java.io.File]]("playDocsJar") in Scope(Build: file:/Users/psteinbach/website/playWebsite/psWeb/, , Project: ProjectReference(file:/Users/psteinbach/website/playWebsite/psWeb/,root))),true,None)
Sending msg to client play-fork-run-dd38dcf1-e5e9-4220-954b-0279d0b638cd: TaskFinished(17,1595,None,true,None)
Sending msg to client play-fork-run-dd38dcf1-e5e9-4220-954b-0279d0b638cd: TaskStarted(17,1592,Some(AttributeKey[scala.collection.Seq[sbt.Attributed[java.io.File]]]("playDependencyClasspath") in Scope(Build: file:/Users/psteinbach/website/playWebsite/psWeb/, , Project: ProjectReference(file:/Users/psteinbach/website/playWebsite/psWeb/,root))))
Sending msg to client play-fork-run-dd38dcf1-e5e9-4220-954b-0279d0b638cd: TaskFinished(17,1592,Some(AttributeKey[scala.collection.Seq[sbt.Attributed[java.io.File]]]("playDependencyClasspath") in Scope(Build: file:/Users/psteinbach/website/playWebsite/psWeb/, , Project: ProjectReference(file:/Users/psteinbach/website/playWebsite/psWeb/,root))),true,None)
Sending msg to client play-fork-run-dd38dcf1-e5e9-4220-954b-0279d0b638cd: TaskStarted(17,1588,Some(AttributeKey[play.forkrun.protocol.ForkConfig]("playForkConfig") in Scope(Build: file:/Users/psteinbach/website/playWebsite/psWeb/, , Project: ProjectReference(file:/Users/psteinbach/website/playWebsite/psWeb/,root))))
Sending msg to client play-fork-run-dd38dcf1-e5e9-4220-954b-0279d0b638cd: TaskFinished(17,1588,Some(AttributeKey[play.forkrun.protocol.ForkConfig]("playForkConfig") in Scope(Build: file:/Users/psteinbach/website/playWebsite/psWeb/, , Project: ProjectReference(file:/Users/psteinbach/website/playWebsite/psWeb/,root))),true,None)
Sending msg to client play-fork-run-dd38dcf1-e5e9-4220-954b-0279d0b638cd: ValueChanged(AttributeKey[play.forkrun.protocol.ForkConfig]("playForkConfig") in Scope(Build: file:/Users/psteinbach/website/playWebsite/psWeb/, , Project: ProjectReference(file:/Users/psteinbach/website/playWebsite/psWeb/,root)),TaskSuccess(BuildValue(LazyValue(ForkConfig(/Users/psteinbach/website/playWebsite/psWeb,List(),List(/Users/psteinbach/.ivy2/cache/org.scala-lang/scala-library/jars/scala-library-2.11.6.jar, /Users/psteinbach/.ivy2/cache/com.typesafe.play/twirl-api_2.11/jars/twirl-api_2.11-1.1.1.jar, /Users/psteinbach/.ivy2/cache/org.apache.commons/commons-lang3/jars/commons-lang3-3.4.jar, /Users/psteinbach/.ivy2/cache/org.scala-lang.modules/scala-xml_2.11/bundles/scala-xml_2.11-1.0.1.jar, /Users/psteinbach/.ivy2/cache/com.typesafe.play/play-server_2.11/jars/play-server_2.11-2.4.0.jar, /Users/psteinbach/.ivy2/cache/com.typesafe.play/play_2.11/jars/play_2.11-2.4.0.jar, /Users/psteinbach/.ivy2/cache/com.typesafe.play/build-link/jars/build-link-2.4.0.jar, /Users/psteinbach/.ivy2/cache/com.typesafe.play/play-exceptions/jars/play-exceptions-2.4.0.jar, /Users/psteinbach/.ivy2/cache/org.javassist/javassist/bundles/javassist-3.19.0-GA.jar, /Users/psteinbach/.ivy2/cache/com.typesafe.play/play-iteratees_2.11/jars/play-iteratees_2.11-2.4.0.jar, /Users/psteinbach/.ivy2/cache/org.scala-stm/scala-stm_2.11/jars/scala-stm_2.11-0.7.jar, /Users/psteinbach/.ivy2/cache/com.typesafe/config/bundles/config-1.3.0.jar, /Users/psteinbach/.ivy2/cache/com.typesafe.play/play-json_2.11/jars/play-json_2.11-2.4.0.jar, /Users/psteinbach/.ivy2/cache/com.typesafe.play/play-functional_2.11/jars/play-functional_2.11-2.4.0.jar, /Users/psteinbach/.ivy2/cache/com.typesafe.play/play-datacommons_2.11/jars/play-datacommons_2.11-2.4.0.jar, /Users/psteinbach/.ivy2/cache/joda-time/joda-time/jars/joda-time-2.7.jar, /Users/psteinbach/.ivy2/cache/org.joda/joda-convert/jars/joda-convert-1.7.jar, /Users/psteinbach/.ivy2/cache/org.scala-lang/scala-reflect/jars/scala-reflect-2.11.6.jar, /Users/psteinbach/.ivy2/cache/com.fasterxml.jackson.core/jackson-core/bundles/jackson-core-2.5.3.jar, /Users/psteinbach/.ivy2/cache/com.fasterxml.jackson.core/jackson-annotations/bundles/jackson-annotations-2.5.3.jar, /Users/psteinbach/.ivy2/cache/com.fasterxml.jackson.core/jackson-databind/bundles/jackson-databind-2.5.3.jar, /Users/psteinbach/.ivy2/cache/com.fasterxml.jackson.datatype/jackson-datatype-jdk8/bundles/jackson-datatype-jdk8-2.5.3.jar, /Users/psteinbach/.ivy2/cache/com.fasterxml.jackson.datatype/jackson-datatype-jsr310/bundles/jackson-datatype-jsr310-2.5.3.jar, /Users/psteinbach/.ivy2/cache/com.typesafe.play/play-netty-utils/jars/play-netty-utils-2.4.0.jar, /Users/psteinbach/.ivy2/cache/org.slf4j/slf4j-api/jars/slf4j-api-1.7.12.jar, /Users/psteinbach/.ivy2/cache/org.slf4j/jul-to-slf4j/jars/jul-to-slf4j-1.7.12.jar, /Users/psteinbach/.ivy2/cache/org.slf4j/jcl-over-slf4j/jars/jcl-over-slf4j-1.7.12.jar, /Users/psteinbach/.ivy2/cache/org.scala-lang.modules/scala-parser-combinators_2.11/bundles/scala-parser-combinators_2.11-1.0.1.jar, /Users/psteinbach/.ivy2/cache/ch.qos.logback/logback-core/jars/logback-core-1.1.3.jar, /Users/psteinbach/.ivy2/cache/ch.qos.logback/logback-classic/jars/logback-classic-1.1.3.jar, /Users/psteinbach/.ivy2/cache/com.typesafe.akka/akka-actor_2.11/jars/akka-actor_2.11-2.3.11.jar, /Users/psteinbach/.ivy2/cache/com.typesafe.akka/akka-slf4j_2.11/jars/akka-slf4j_2.11-2.3.11.jar, /Users/psteinbach/.ivy2/cache/commons-codec/commons-codec/jars/commons-codec-1.10.jar, /Users/psteinbach/.ivy2/cache/xerces/xercesImpl/jars/xercesImpl-2.11.0.jar, /Users/psteinbach/.ivy2/cache/xml-apis/xml-apis/jars/xml-apis-1.4.01.jar, /Users/psteinbach/.ivy2/cache/javax.transaction/jta/jars/jta-1.1.jar, /Users/psteinbach/.ivy2/cache/com.google.inject/guice/jars/guice-4.0.jar, /Users/psteinbach/.ivy2/cache/javax.inject/javax.inject/jars/javax.inject-1.jar, /Users/psteinbach/.ivy2/cache/aopalliance/aopalliance/jars/aopalliance-1.0.jar, /Users/psteinbach/.ivy2/cache/com.google.inject.extensions/guice-assistedinject/jars/guice-assistedinject-4.0.jar, /Users/psteinbach/.ivy2/cache/com.typesafe.play/play-netty-server_2.11/jars/play-netty-server_2.11-2.4.0.jar, /Users/psteinbach/.ivy2/cache/io.netty/netty/bundles/netty-3.10.3.Final.jar, /Users/psteinbach/.ivy2/cache/com.typesafe.netty/netty-http-pipelining/jars/netty-http-pipelining-1.1.4.jar, /Users/psteinbach/.ivy2/cache/com.typesafe.play/play-jdbc_2.11/jars/play-jdbc_2.11-2.4.0.jar, /Users/psteinbach/.ivy2/cache/com.typesafe.play/play-jdbc-api_2.11/jars/play-jdbc-api_2.11-2.4.0.jar, /Users/psteinbach/.ivy2/cache/com.jolbox/bonecp/bundles/bonecp-0.8.0.RELEASE.jar, /Users/psteinbach/.ivy2/cache/com.zaxxer/HikariCP/bundles/HikariCP-2.3.7.jar, /Users/psteinbach/.ivy2/cache/com.h2database/h2/jars/h2-1.4.187.jar, /Users/psteinbach/.ivy2/cache/tyrex/tyrex/jars/tyrex-1.0.1.jar, /Users/psteinbach/.ivy2/cache/com.typesafe.play/play-cache_2.11/jars/play-cache_2.11-2.4.0.jar, /Users/psteinbach/.ivy2/cache/net.sf.ehcache/ehcache-core/jars/ehcache-core-2.6.11.jar, /Users/psteinbach/.ivy2/cache/com.typesafe.play/play-ws_2.11/jars/play-ws_2.11-2.4.0.jar, /Users/psteinbach/.ivy2/cache/com.google.guava/guava/bundles/guava-18.0.jar, /Users/psteinbach/.ivy2/cache/com.ning/async-http-client/jars/async-http-client-1.9.21.jar, /Users/psteinbach/.ivy2/cache/oauth.signpost/signpost-core/jars/signpost-core-1.2.1.2.jar, /Users/psteinbach/.ivy2/cache/oauth.signpost/signpost-commonshttp4/jars/signpost-commonshttp4-1.2.1.2.jar, /Users/psteinbach/.ivy2/cache/org.apache.httpcomponents/httpcore/jars/httpcore-4.0.1.jar, /Users/psteinbach/.ivy2/cache/org.apache.httpcomponents/httpclient/jars/httpclient-4.0.1.jar, /Users/psteinbach/.ivy2/cache/commons-logging/commons-logging/jars/commons-logging-1.1.1.jar),List((public/,/Users/psteinbach/website/playWebsite/psWeb/target/web/public/main)),List(/Users/psteinbach/.ivy2/cache/com.typesafe.play/play-omnidoc_2.11/jars/play-omnidoc_2.11-2.4.0.jar, /Users/psteinbach/.ivy2/cache/org.scala-lang/scala-library/jars/scala-library-2.11.6.jar, /Users/psteinbach/.ivy2/cache/com.typesafe.play/play-docs_2.11/jars/play-docs_2.11-2.4.0.jar, /Users/psteinbach/.ivy2/cache/com.typesafe.play/play-netty-server_2.11/jars/play-netty-server_2.11-2.4.0.jar, /Users/psteinbach/.ivy2/cache/com.typesafe.play/play-server_2.11/jars/play-server_2.11-2.4.0.jar, /Users/psteinbach/.ivy2/cache/com.typesafe.play/play_2.11/jars/play_2.11-2.4.0.jar, /Users/psteinbach/.ivy2/cache/com.typesafe.play/build-link/jars/build-link-2.4.0.jar, /Users/psteinbach/.ivy2/cache/com.typesafe.play/play-exceptions/jars/play-exceptions-2.4.0.jar, /Users/psteinbach/.ivy2/cache/org.javassist/javassist/bundles/javassist-3.19.0-GA.jar, /Users/psteinbach/.ivy2/cache/com.typesafe.play/play-iteratees_2.11/jars/play-iteratees_2.11-2.4.0.jar, /Users/psteinbach/.ivy2/cache/org.scala-stm/scala-stm_2.11/jars/scala-stm_2.11-0.7.jar, /Users/psteinbach/.ivy2/cache/com.typesafe/config/bundles/config-1.3.0.jar, /Users/psteinbach/.ivy2/cache/com.typesafe.play/play-json_2.11/jars/play-json_2.11-2.4.0.jar, /Users/psteinbach/.ivy2/cache/com.typesafe.play/play-functional_2.11/jars/play-functional_2.11-2.4.0.jar, /Users/psteinbach/.ivy2/cache/com.typesafe.play/play-datacommons_2.11/jars/play-datacommons_2.11-2.4.0.jar, /Users/psteinbach/.ivy2/cache/joda-time/joda-time/jars/joda-time-2.7.jar, /Users/psteinbach/.ivy2/cache/org.joda/joda-convert/jars/joda-convert-1.7.jar, /Users/psteinbach/.ivy2/cache/org.scala-lang/scala-reflect/jars/scala-reflect-2.11.6.jar, /Users/psteinbach/.ivy2/cache/com.fasterxml.jackson.core/jackson-core/bundles/jackson-core-2.5.3.jar, /Users/psteinbach/.ivy2/cache/com.fasterxml.jackson.core/jackson-annotations/bundles/jackson-annotations-2.5.3.jar, /Users/psteinbach/.ivy2/cache/com.fasterxml.jackson.core/jackson-databind/bundles/jackson-databind-2.5.3.jar, /Users/psteinbach/.ivy2/cache/com.fasterxml.jackson.datatype/jackson-datatype-jdk8/bundles/jackson-datatype-jdk8-2.5.3.jar, /Users/psteinbach/.ivy2/cache/com.fasterxml.jackson.datatype/jackson-datatype-jsr310/bundles/jackson-datatype-jsr310-2.5.3.jar, /Users/psteinbach/.ivy2/cache/com.typesafe.play/play-netty-utils/jars/play-netty-utils-2.4.0.jar, /Users/psteinbach/.ivy2/cache/org.slf4j/slf4j-api/jars/slf4j-api-1.7.12.jar, /Users/psteinbach/.ivy2/cache/org.slf4j/jul-to-slf4j/jars/jul-to-slf4j-1.7.12.jar, /Users/psteinbach/.ivy2/cache/org.slf4j/jcl-over-slf4j/jars/jcl-over-slf4j-1.7.12.jar, /Users/psteinbach/.ivy2/cache/com.typesafe.play/twirl-api_2.11/jars/twirl-api_2.11-1.1.1.jar, /Users/psteinbach/.ivy2/cache/org.apache.commons/commons-lang3/jars/commons-lang3-3.4.jar, /Users/psteinbach/.ivy2/cache/org.scala-lang.modules/scala-xml_2.11/bundles/scala-xml_2.11-1.0.1.jar, /Users/psteinbach/.ivy2/cache/org.scala-lang.modules/scala-parser-combinators_2.11/bundles/scala-parser-combinators_2.11-1.0.1.jar, /Users/psteinbach/.ivy2/cache/ch.qos.logback/logback-core/jars/logback-core-1.1.3.jar, /Users/psteinbach/.ivy2/cache/ch.qos.logback/logback-classic/jars/logback-classic-1.1.3.jar, /Users/psteinbach/.ivy2/cache/com.typesafe.akka/akka-actor_2.11/jars/akka-actor_2.11-2.3.11.jar, /Users/psteinbach/.ivy2/cache/com.typesafe.akka/akka-slf4j_2.11/jars/akka-slf4j_2.11-2.3.11.jar, /Users/psteinbach/.ivy2/cache/commons-codec/commons-codec/jars/commons-codec-1.10.jar, /Users/psteinbach/.ivy2/cache/xerces/xercesImpl/jars/xercesImpl-2.11.0.jar, /Users/psteinbach/.ivy2/cache/xml-apis/xml-apis/jars/xml-apis-1.4.01.jar, /Users/psteinbach/.ivy2/cache/javax.transaction/jta/jars/jta-1.1.jar, /Users/psteinbach/.ivy2/cache/com.google.inject/guice/jars/guice-4.0.jar, /Users/psteinbach/.ivy2/cache/javax.inject/javax.inject/jars/javax.inject-1.jar, /Users/psteinbach/.ivy2/cache/aopalliance/aopalliance/jars/aopalliance-1.0.jar, /Users/psteinbach/.ivy2/cache/com.google.guava/guava/bundles/guava-16.0.1.jar, /Users/psteinbach/.ivy2/cache/com.google.inject.extensions/guice-assistedinject/jars/guice-assistedinject-4.0.jar, /Users/psteinbach/.ivy2/cache/io.netty/netty/bundles/netty-3.10.3.Final.jar, /Users/psteinbach/.ivy2/cache/com.typesafe.netty/netty-http-pipelining/jars/netty-http-pipelining-1.1.4.jar, /Users/psteinbach/.ivy2/cache/com.typesafe.play/play-doc_2.11/jars/play-doc_2.11-1.2.2.jar, /Users/psteinbach/.ivy2/cache/org.pegdown/pegdown/jars/pegdown-1.4.0.jar, /Users/psteinbach/.ivy2/cache/org.parboiled/parboiled-java/bundles/parboiled-java-1.1.5.jar, /Users/psteinbach/.ivy2/cache/org.parboiled/parboiled-core/bundles/parboiled-core-1.1.5.jar, /Users/psteinbach/.ivy2/cache/org.ow2.asm/asm/jars/asm-4.1.jar, /Users/psteinbach/.ivy2/cache/org.ow2.asm/asm-tree/jars/asm-tree-4.1.jar, /Users/psteinbach/.ivy2/cache/org.ow2.asm/asm-analysis/jars/asm-analysis-4.1.jar, /Users/psteinbach/.ivy2/cache/org.ow2.asm/asm-util/jars/asm-util-4.1.jar, /Users/psteinbach/.ivy2/cache/commons-io/commons-io/jars/commons-io-2.4.jar),Some(/Users/psteinbach/.ivy2/cache/com.typesafe.play/play-omnidoc_2.11/jars/play-omnidoc_2.11-2.4.0.jar),List(),9000,0.0.0.0,DefaultWatchService,List(/Users/psteinbach/website/playWebsite/psWeb/public, /Users/psteinbach/website/playWebsite/psWeb/conf, /Users/psteinbach/website/playWebsite/psWeb/app),/Users/psteinbach/website/playWebsite/psWeb/target,500,root/playForkNotifyStart,root/playForkReload,300000,play.core.server.DevServerStart),scala.pickling.PicklerUnpickler$DelegatingPicklerUnpickler@3d645dce),ForkConfig(/Users/psteinbach/website/playWebsite/psWeb,List(),List(/Users/psteinbach/.ivy2/cache/org.scala-lang/scala-library/jars/scala-library-2.11.6.jar, /Users/psteinbach/.ivy2/cache/com.typesafe.play/twirl-api_2.11/jars/twirl-api_2.11-1.1.1.jar, /Users/psteinbach/.ivy2/cache/org.apache.commons/commons-lang3/jars/commons-lang3-3.4.jar, /Users/psteinbach/.ivy2/cache/org.scala-lang.modules/scala-xml_2.11/bundles/scala-xml_2.11-1.0.1.jar, /Users/psteinbach/.ivy2/cache/com.typesafe.play/play-server_2.11/jars/play-server_2.11-2.4.0.jar, /Users/psteinbach/.ivy2/cache/com.typesafe.play/play_2.11/jars/play_2.11-2.4.0.jar, /Users/psteinbach/.ivy2/cache/com.typesafe.play/build-link/jars/build-link-2.4.0.jar, /Users/psteinbach/.ivy2/cache/com.typesafe.play/play-exceptions/jars/play-exceptions-2.4.0.jar, /Users/psteinbach/.ivy2/cache/org.javassist/javassist/bundles/javassist-3.19.0-GA.jar, /Users/psteinbach/.ivy2/cache/com.typesafe.play/play-iteratees_2.11/jars/play-iteratees_2.11-2.4.0.jar, /Users/psteinbach/.ivy2/cache/org.scala-stm/scala-stm_2.11/jars/scala-stm_2.11-0.7.jar, /Users/psteinbach/.ivy2/cache/com.typesafe/config/bundles/config-1.3.0.jar, /Users/psteinbach/.ivy2/cache/com.typesafe.play/play-json_2.11/jars/play-json_2.11-2.4.0.jar, /Users/psteinbach/.ivy2/cache/com.typesafe.play/play-functional_2.11/jars/play-functional_2.11-2.4.0.jar, /Users/psteinbach/.ivy2/cache/com.typesafe.play/play-datacommons_2.11/jars/play-datacommons_2.11-2.4.0.jar, /Users/psteinbach/.ivy2/cache/joda-time/joda-time/jars/joda-time-2.7.jar, /Users/psteinbach/.ivy2/cache/org.joda/joda-convert/jars/joda-convert-1.7.jar, /Users/psteinbach/.ivy2/cache/org.scala-lang/scala-reflect/jars/scala-reflect-2.11.6.jar, /Users/psteinbach/.ivy2/cache/com.fasterxml.jackson.core/jackson-core/bundles/jackson-core-2.5.3.jar, /Users/psteinbach/.ivy2/cache/com.fasterxml.jackson.core/jackson-annotations/bundles/jackson-annotations-2.5.3.jar, /Users/psteinbach/.ivy2/cache/com.fasterxml.jackson.core/jackson-databind/bundles/jackson-databind-2.5.3.jar, /Users/psteinbach/.ivy2/cache/com.fasterxml.jackson.datatype/jackson-datatype-jdk8/bundles/jackson-datatype-jdk8-2.5.3.jar, /Users/psteinbach/.ivy2/cache/com.fasterxml.jackson.datatype/jackson-datatype-jsr310/bundles/jackson-datatype-jsr310-2.5.3.jar, /Users/psteinbach/.ivy2/cache/com.typesafe.play/play-netty-utils/jars/play-netty-utils-2.4.0.jar, /Users/psteinbach/.ivy2/cache/org.slf4j/slf4j-api/jars/slf4j-api-1.7.12.jar, /Users/psteinbach/.ivy2/cache/org.slf4j/jul-to-slf4j/jars/jul-to-slf4j-1.7.12.jar, /Users/psteinbach/.ivy2/cache/org.slf4j/jcl-over-slf4j/jars/jcl-over-slf4j-1.7.12.jar, /Users/psteinbach/.ivy2/cache/org.scala-lang.modules/scala-parser-combinators_2.11/bundles/scala-parser-combinators_2.11-1.0.1.jar, /Users/psteinbach/.ivy2/cache/ch.qos.logback/logback-core/jars/logback-core-1.1.3.jar, /Users/psteinbach/.ivy2/cache/ch.qos.logback/logback-classic/jars/logback-classic-1.1.3.jar, /Users/psteinbach/.ivy2/cache/com.typesafe.akka/akka-actor_2.11/jars/akka-actor_2.11-2.3.11.jar, /Users/psteinbach/.ivy2/cache/com.typesafe.akka/akka-slf4j_2.11/jars/akka-slf4j_2.11-2.3.11.jar, /Users/psteinbach/.ivy2/cache/commons-codec/commons-codec/jars/commons-codec-1.10.jar, /Users/psteinbach/.ivy2/cache/xerces/xercesImpl/jars/xercesImpl-2.11.0.jar, /Users/psteinbach/.ivy2/cache/xml-apis/xml-apis/jars/xml-apis-1.4.01.jar, /Users/psteinbach/.ivy2/cache/javax.transaction/jta/jars/jta-1.1.jar, /Users/psteinbach/.ivy2/cache/com.google.inject/guice/jars/guice-4.0.jar, /Users/psteinbach/.ivy2/cache/javax.inject/javax.inject/jars/javax.inject-1.jar, /Users/psteinbach/.ivy2/cache/aopalliance/aopalliance/jars/aopalliance-1.0.jar, /Users/psteinbach/.ivy2/cache/com.google.inject.extensions/guice-assistedinject/jars/guice-assistedinject-4.0.jar, /Users/psteinbach/.ivy2/cache/com.typesafe.play/play-netty-server_2.11/jars/play-netty-server_2.11-2.4.0.jar, /Users/psteinbach/.ivy2/cache/io.netty/netty/bundles/netty-3.10.3.Final.jar, /Users/psteinbach/.ivy2/cache/com.typesafe.netty/netty-http-pipelining/jars/netty-http-pipelining-1.1.4.jar, /Users/psteinbach/.ivy2/cache/com.typesafe.play/play-jdbc_2.11/jars/play-jdbc_2.11-2.4.0.jar, /Users/psteinbach/.ivy2/cache/com.typesafe.play/play-jdbc-api_2.11/jars/play-jdbc-api_2.11-2.4.0.jar, /Users/psteinbach/.ivy2/cache/com.jolbox/bonecp/bundles/bonecp-0.8.0.RELEASE.jar, /Users/psteinbach/.ivy2/cache/com.zaxxer/HikariCP/bundles/HikariCP-2.3.7.jar, /Users/psteinbach/.ivy2/cache/com.h2database/h2/jars/h2-1.4.187.jar, /Users/psteinbach/.ivy2/cache/tyrex/tyrex/jars/tyrex-1.0.1.jar, /Users/psteinbach/.ivy2/cache/com.typesafe.play/play-cache_2.11/jars/play-cache_2.11-2.4.0.jar, /Users/psteinbach/.ivy2/cache/net.sf.ehcache/ehcache-core/jars/ehcache-core-2.6.11.jar, /Users/psteinbach/.ivy2/cache/com.typesafe.play/play-ws_2.11/jars/play-ws_2.11-2.4.0.jar, /Users/psteinbach/.ivy2/cache/com.google.guava/guava/bundles/guava-18.0.jar, /Users/psteinbach/.ivy2/cache/com.ning/async-http-client/jars/async-http-client-1.9.21.jar, /Users/psteinbach/.ivy2/cache/oauth.signpost/signpost-core/jars/signpost-core-1.2.1.2.jar, /Users/psteinbach/.ivy2/cache/oauth.signpost/signpost-commonshttp4/jars/signpost-commonshttp4-1.2.1.2.jar, /Users/psteinbach/.ivy2/cache/org.apache.httpcomponents/httpcore/jars/httpcore-4.0.1.jar, /Users/psteinbach/.ivy2/cache/org.apache.httpcomponents/httpclient/jars/httpclient-4.0.1.jar, /Users/psteinbach/.ivy2/cache/commons-logging/commons-logging/jars/commons-logging-1.1.1.jar),List((public/,/Users/psteinbach/website/playWebsite/psWeb/target/web/public/main)),List(/Users/psteinbach/.ivy2/cache/com.typesafe.play/play-omnidoc_2.11/jars/play-omnidoc_2.11-2.4.0.jar, /Users/psteinbach/.ivy2/cache/org.scala-lang/scala-library/jars/scala-library-2.11.6.jar, /Users/psteinbach/.ivy2/cache/com.typesafe.play/play-docs_2.11/jars/play-docs_2.11-2.4.0.jar, /Users/psteinbach/.ivy2/cache/com.typesafe.play/play-netty-server_2.11/jars/play-netty-server_2.11-2.4.0.jar, /Users/psteinbach/.ivy2/cache/com.typesafe.play/play-server_2.11/jars/play-server_2.11-2.4.0.jar, /Users/psteinbach/.ivy2/cache/com.typesafe.play/play_2.11/jars/play_2.11-2.4.0.jar, /Users/psteinbach/.ivy2/cache/com.typesafe.play/build-link/jars/build-link-2.4.0.jar, /Users/psteinbach/.ivy2/cache/com.typesafe.play/play-exceptions/jars/play-exceptions-2.4.0.jar, /Users/psteinbach/.ivy2/cache/org.javassist/javassist/bundles/javassist-3.19.0-GA.jar, /Users/psteinbach/.ivy2/cache/com.typesafe.play/play-iteratees_2.11/jars/play-iteratees_2.11-2.4.0.jar, /Users/psteinbach/.ivy2/cache/org.scala-stm/scala-stm_2.11/jars/scala-stm_2.11-0.7.jar, /Users/psteinbach/.ivy2/cache/com.typesafe/config/bundles/config-1.3.0.jar, /Users/psteinbach/.ivy2/cache/com.typesafe.play/play-json_2.11/jars/play-json_2.11-2.4.0.jar, /Users/psteinbach/.ivy2/cache/com.typesafe.play/play-functional_2.11/jars/play-functional_2.11-2.4.0.jar, /Users/psteinbach/.ivy2/cache/com.typesafe.play/play-datacommons_2.11/jars/play-datacommons_2.11-2.4.0.jar, /Users/psteinbach/.ivy2/cache/joda-time/joda-time/jars/joda-time-2.7.jar, /Users/psteinbach/.ivy2/cache/org.joda/joda-convert/jars/joda-convert-1.7.jar, /Users/psteinbach/.ivy2/cache/org.scala-lang/scala-reflect/jars/scala-reflect-2.11.6.jar, /Users/psteinbach/.ivy2/cache/com.fasterxml.jackson.core/jackson-core/bundles/jackson-core-2.5.3.jar, /Users/psteinbach/.ivy2/cache/com.fasterxml.jackson.core/jackson-annotations/bundles/jackson-annotations-2.5.3.jar, /Users/psteinbach/.ivy2/cache/com.fasterxml.jackson.core/jackson-databind/bundles/jackson-databind-2.5.3.jar, /Users/psteinbach/.ivy2/cache/com.fasterxml.jackson.datatype/jackson-datatype-jdk8/bundles/jackson-datatype-jdk8-2.5.3.jar, /Users/psteinbach/.ivy2/cache/com.fasterxml.jackson.datatype/jackson-datatype-jsr310/bundles/jackson-datatype-jsr310-2.5.3.jar, /Users/psteinbach/.ivy2/cache/com.typesafe.play/play-netty-utils/jars/play-netty-utils-2.4.0.jar, /Users/psteinbach/.ivy2/cache/org.slf4j/slf4j-api/jars/slf4j-api-1.7.12.jar, /Users/psteinbach/.ivy2/cache/org.slf4j/jul-to-slf4j/jars/jul-to-slf4j-1.7.12.jar, /Users/psteinbach/.ivy2/cache/org.slf4j/jcl-over-slf4j/jars/jcl-over-slf4j-1.7.12.jar, /Users/psteinbach/.ivy2/cache/com.typesafe.play/twirl-api_2.11/jars/twirl-api_2.11-1.1.1.jar, /Users/psteinbach/.ivy2/cache/org.apache.commons/commons-lang3/jars/commons-lang3-3.4.jar, /Users/psteinbach/.ivy2/cache/org.scala-lang.modules/scala-xml_2.11/bundles/scala-xml_2.11-1.0.1.jar, /Users/psteinbach/.ivy2/cache/org.scala-lang.modules/scala-parser-combinators_2.11/bundles/scala-parser-combinators_2.11-1.0.1.jar, /Users/psteinbach/.ivy2/cache/ch.qos.logback/logback-core/jars/logback-core-1.1.3.jar, /Users/psteinbach/.ivy2/cache/ch.qos.logback/logback-classic/jars/logback-classic-1.1.3.jar, /Users/psteinbach/.ivy2/cache/com.typesafe.akka/akka-actor_2.11/jars/akka-actor_2.11-2.3.11.jar, /Users/psteinbach/.ivy2/cache/com.typesafe.akka/akka-slf4j_2.11/jars/akka-slf4j_2.11-2.3.11.jar, /Users/psteinbach/.ivy2/cache/commons-codec/commons-codec/jars/commons-codec-1.10.jar, /Users/psteinbach/.ivy2/cache/xerces/xercesImpl/jars/xercesImpl-2.11.0.jar, /Users/psteinbach/.ivy2/cache/xml-apis/xml-apis/jars/xml-apis-1.4.01.jar, /Users/psteinbach/.ivy2/cache/javax.transaction/jta/jars/jta-1.1.jar, /Users/psteinbach/.ivy2/cache/com.google.inject/guice/jars/guice-4.0.jar, /Users/psteinbach/.ivy2/cache/javax.inject/javax.inject/jars/javax.inject-1.jar, /Users/psteinbach/.ivy2/cache/aopalliance/aopalliance/jars/aopalliance-1.0.jar, /Users/psteinbach/.ivy2/cache/com.google.guava/guava/bundles/guava-16.0.1.jar, /Users/psteinbach/.ivy2/cache/com.google.inject.extensions/guice-assistedinject/jars/guice-assistedinject-4.0.jar, /Users/psteinbach/.ivy2/cache/io.netty/netty/bundles/netty-3.10.3.Final.jar, /Users/psteinbach/.ivy2/cache/com.typesafe.netty/netty-http-pipelining/jars/netty-http-pipelining-1.1.4.jar, /Users/psteinbach/.ivy2/cache/com.typesafe.play/play-doc_2.11/jars/play-doc_2.11-1.2.2.jar, /Users/psteinbach/.ivy2/cache/org.pegdown/pegdown/jars/pegdown-1.4.0.jar, /Users/psteinbach/.ivy2/cache/org.parboiled/parboiled-java/bundles/parboiled-java-1.1.5.jar, /Users/psteinbach/.ivy2/cache/org.parboiled/parboiled-core/bundles/parboiled-core-1.1.5.jar, /Users/psteinbach/.ivy2/cache/org.ow2.asm/asm/jars/asm-4.1.jar, /Users/psteinbach/.ivy2/cache/org.ow2.asm/asm-tree/jars/asm-tree-4.1.jar, /Users/psteinbach/.ivy2/cache/org.ow2.asm/asm-analysis/jars/asm-analysis-4.1.jar, /Users/psteinbach/.ivy2/cache/org.ow2.asm/asm-util/jars/asm-util-4.1.jar, /Users/psteinbach/.ivy2/cache/commons-io/commons-io/jars/commons-io-2.4.jar),Some(/Users/psteinbach/.ivy2/cache/com.typesafe.play/play-omnidoc_2.11/jars/play-omnidoc_2.11-2.4.0.jar),List(),9000,0.0.0.0,DefaultWatchService,List(/Users/psteinbach/website/playWebsite/psWeb/public, /Users/psteinbach/website/playWebsite/psWeb/conf, /Users/psteinbach/website/playWebsite/psWeb/app),/Users/psteinbach/website/playWebsite/psWeb/target,500,root/playForkNotifyStart,root/playForkReload,300000,play.core.server.DevServerStart))))
Sending msg to client play-fork-run-dd38dcf1-e5e9-4220-954b-0279d0b638cd: TaskStarted(17,1587,None)
Sending msg to client play-fork-run-dd38dcf1-e5e9-4220-954b-0279d0b638cd: TaskFinished(17,1587,None,true,None)
Sending msg to client play-fork-run-dd38dcf1-e5e9-4220-954b-0279d0b638cd: TaskStarted(17,1586,None)
Sending msg to client play-fork-run-dd38dcf1-e5e9-4220-954b-0279d0b638cd: TaskFinished(17,1586,None,true,None)
Sending msg to client play-fork-run-dd38dcf1-e5e9-4220-954b-0279d0b638cd: DetachedLogEvent(LogMessage(debug,cancel strategy finish enabled=false lastCommand=Some(LastCommand(CommandExecutionWork(ExecutionId(17),{file:/Users/psteinbach/website/playWebsite/psWeb/}root/*:playForkConfig,Set(LiveClient(play-fork-run dd38dcf1-e5e9-4220-954b-0279d0b638cd)),sbt.server.WorkCancellationStatus$$anon$1@41372975)))))
Sending msg to client play-fork-run-dd38dcf1-e5e9-4220-954b-0279d0b638cd: DetachedLogEvent(LogSuccess(Total time: 0 s, completed Jun 17, 2015 3:08:15 PM))
Sending msg to client play-fork-run-dd38dcf1-e5e9-4220-954b-0279d0b638cd: DetachedLogEvent(LogMessage(debug,> server-post-command-cleanup))
Sending msg to client play-fork-run-dd38dcf1-e5e9-4220-954b-0279d0b638cd: ExecutionSuccess(17)
Sending msg to client play-fork-run-dd38dcf1-e5e9-4220-954b-0279d0b638cd: DetachedLogEvent(LogMessage(debug,> server-handle-next-server-request))
Sending msg to client play-fork-run-dd38dcf1-e5e9-4220-954b-0279d0b638cd: BackgroundJobLogEvent(2,LogMessage(info,))
Sending msg to client play-fork-run-dd38dcf1-e5e9-4220-954b-0279d0b638cd: BackgroundJobLogEvent(2,LogMessage(info,[35m--- (Running the application, auto-reloading is enabled) ---[0m))
Sending msg to client play-fork-run-dd38dcf1-e5e9-4220-954b-0279d0b638cd: BackgroundJobLogEvent(2,LogMessage(info,))
Sending msg to client play-fork-run-dd38dcf1-e5e9-4220-954b-0279d0b638cd: BackgroundJobLogEvent(2,LogMessage(info,p.a.l.c.ActorSystemProvider - Starting application default Akka system: application))
Sending msg to client play-fork-run-dd38dcf1-e5e9-4220-954b-0279d0b638cd: BackgroundJobLogEvent(2,LogMessage(info,p.c.s.NettyServer$ - Listening for HTTP on /0:0:0:0:0:0:0:0:9000))
Sending msg to client play-fork-run-dd38dcf1-e5e9-4220-954b-0279d0b638cd: BackgroundJobLogEvent(2,LogMessage(info,))
Got request: ExecutionRequest(root/playForkNotifyStart http://localhost:9000)
Reading next message from client.
Sending msg to client play-fork-run-dd38dcf1-e5e9-4220-954b-0279d0b638cd: (8,ExecutionRequestReceived(18))
Sending msg to client play-fork-run-dd38dcf1-e5e9-4220-954b-0279d0b638cd: ExecutionWaiting(18,root/playForkNotifyStart http://localhost:9000,ClientInfo(dd38dcf1-e5e9-4220-954b-0279d0b638cd,play-fork-run,Play Fork Run,1,Vector()))
Sending msg to client play-fork-run-dd38dcf1-e5e9-4220-954b-0279d0b638cd: ExecutionStarting(18)
Sending msg to client play-fork-run-dd38dcf1-e5e9-4220-954b-0279d0b638cd: DetachedLogEvent(LogMessage(debug,> root/playForkNotifyStart http://localhost:9000))
Sending msg to client play-fork-run-dd38dcf1-e5e9-4220-954b-0279d0b638cd: BackgroundJobLogEvent(2,LogMessage(info,[32m(Server started, use Ctrl+D to stop and go back to the console...)[0m))
Sending msg to client play-fork-run-dd38dcf1-e5e9-4220-954b-0279d0b638cd: BackgroundJobLogEvent(2,LogMessage(info,))
Sending msg to client play-fork-run-dd38dcf1-e5e9-4220-954b-0279d0b638cd: DetachedLogEvent(LogMessage(debug,Evaluating tasks: *:playForkNotifyStart))
Sending msg to client play-fork-run-dd38dcf1-e5e9-4220-954b-0279d0b638cd: DetachedLogEvent(LogMessage(debug,Running task... Cancel: sbt.server.ServerTaskCancellation@fb530b1, check cycles: false))
Sending msg to client play-fork-run-dd38dcf1-e5e9-4220-954b-0279d0b638cd: DetachedLogEvent(LogMessage(debug,cancel strategy start enabled=true lastCommand=Some(LastCommand(CommandExecutionWork(ExecutionId(18),root/playForkNotifyStart http://localhost:9000,Set(LiveClient(play-fork-run dd38dcf1-e5e9-4220-954b-0279d0b638cd)),sbt.server.WorkCancellationStatus$$anon$1@48a5804d)))))
Sending msg to client play-fork-run-dd38dcf1-e5e9-4220-954b-0279d0b638cd: TaskStarted(18,1664,Some(AttributeKey[sbt.SendEventService]("sendEventService") in Scope(Global)))
Sending msg to client play-fork-run-dd38dcf1-e5e9-4220-954b-0279d0b638cd: TaskFinished(18,1664,Some(AttributeKey[sbt.SendEventService]("sendEventService") in Scope(Global)),true,None)
Sending msg to client play-fork-run-dd38dcf1-e5e9-4220-954b-0279d0b638cd: TaskStarted(18,1663,Some(AttributeKey[scala.Function1[java.lang.String,void]]("playForkStarted") in Scope(Build: file:/Users/psteinbach/website/playWebsite/psWeb/, , Project: ProjectReference(file:/Users/psteinbach/website/playWebsite/psWeb/,root))))
Sending msg to client play-fork-run-dd38dcf1-e5e9-4220-954b-0279d0b638cd: TaskFinished(18,1663,Some(AttributeKey[scala.Function1[java.lang.String,void]]("playForkStarted") in Scope(Build: file:/Users/psteinbach/website/playWebsite/psWeb/, , Project: ProjectReference(file:/Users/psteinbach/website/playWebsite/psWeb/,root))),true,None)
Sending msg to client play-fork-run-dd38dcf1-e5e9-4220-954b-0279d0b638cd: TaskStarted(18,1662,Some(AttributeKey[void]("playForkNotifyStart") in Scope(Build: file:/Users/psteinbach/website/playWebsite/psWeb/, , Project: ProjectReference(file:/Users/psteinbach/website/playWebsite/psWeb/,root))))
Sending msg to client play-fork-run-dd38dcf1-e5e9-4220-954b-0279d0b638cd: TaskEvent(1662,LazyValue(PlayServerStarted(http://localhost:9000),play.forkrun.protocol.Serializers$PlayForkrunProtocolPlayServerStartedPickler1$2$@2bf86fbc))
Sending msg to client play-fork-run-dd38dcf1-e5e9-4220-954b-0279d0b638cd: TaskFinished(18,1662,Some(AttributeKey[void]("playForkNotifyStart") in Scope(Build: file:/Users/psteinbach/website/playWebsite/psWeb/, , Project: ProjectReference(file:/Users/psteinbach/website/playWebsite/psWeb/,root))),true,None)
Sending msg to client play-fork-run-dd38dcf1-e5e9-4220-954b-0279d0b638cd: TaskStarted(18,1661,None)
Sending msg to client play-fork-run-dd38dcf1-e5e9-4220-954b-0279d0b638cd: TaskFinished(18,1661,None,true,None)
Sending msg to client play-fork-run-dd38dcf1-e5e9-4220-954b-0279d0b638cd: TaskStarted(18,1660,None)
Sending msg to client play-fork-run-dd38dcf1-e5e9-4220-954b-0279d0b638cd: TaskFinished(18,1660,None,true,None)
Sending msg to client play-fork-run-dd38dcf1-e5e9-4220-954b-0279d0b638cd: DetachedLogEvent(LogMessage(debug,cancel strategy finish enabled=false lastCommand=Some(LastCommand(CommandExecutionWork(ExecutionId(18),root/playForkNotifyStart http://localhost:9000,Set(LiveClient(play-fork-run dd38dcf1-e5e9-4220-954b-0279d0b638cd)),sbt.server.WorkCancellationStatus$$anon$1@48a5804d)))))
Sending msg to client play-fork-run-dd38dcf1-e5e9-4220-954b-0279d0b638cd: DetachedLogEvent(LogSuccess(Total time: 0 s, completed Jun 17, 2015 3:08:17 PM))
Sending msg to client play-fork-run-dd38dcf1-e5e9-4220-954b-0279d0b638cd: DetachedLogEvent(LogMessage(debug,> server-post-command-cleanup))
Sending msg to client play-fork-run-dd38dcf1-e5e9-4220-954b-0279d0b638cd: ExecutionSuccess(18)
Sending msg to client play-fork-run-dd38dcf1-e5e9-4220-954b-0279d0b638cd: DetachedLogEvent(LogMessage(debug,> server-handle-next-server-request))
Sending msg to client play-fork-run-dd38dcf1-e5e9-4220-954b-0279d0b638cd: ExecutionWaiting(19,jobStop 2,ClientInfo(3cc7d2fb-4fe9-408d-ae6b-f100af0f221a,activator,Activator,1,Vector()))
Sending msg to client play-fork-run-dd38dcf1-e5e9-4220-954b-0279d0b638cd: ExecutionStarting(19)
Sending msg to client play-fork-run-dd38dcf1-e5e9-4220-954b-0279d0b638cd: DetachedLogEvent(LogMessage(debug,> jobStop 2))
Sending msg to client play-fork-run-dd38dcf1-e5e9-4220-954b-0279d0b638cd: DetachedLogEvent(LogMessage(debug,Evaluating tasks: *:jobStop))
Sending msg to client play-fork-run-dd38dcf1-e5e9-4220-954b-0279d0b638cd: DetachedLogEvent(LogMessage(debug,Running task... Cancel: sbt.server.ServerTaskCancellation@1473651f, check cycles: false))
Sending msg to client play-fork-run-dd38dcf1-e5e9-4220-954b-0279d0b638cd: DetachedLogEvent(LogMessage(debug,cancel strategy start enabled=true lastCommand=Some(LastCommand(CommandExecutionWork(ExecutionId(19),jobStop 2,Set(LiveClient(activator 3cc7d2fb-4fe9-408d-ae6b-f100af0f221a)),sbt.server.WorkCancellationStatus$$anon$1@658947c2)))))
Sending msg to client play-fork-run-dd38dcf1-e5e9-4220-954b-0279d0b638cd: TaskStarted(19,1667,Some(AttributeKey[void]("jobStop") in Scope(Global)))
Sending msg to client play-fork-run-dd38dcf1-e5e9-4220-954b-0279d0b638cd: TaskFinished(19,1667,Some(AttributeKey[void]("jobStop") in Scope(Global)),true,None)
Sending msg to client play-fork-run-dd38dcf1-e5e9-4220-954b-0279d0b638cd: TaskStarted(19,1666,None)
Sending msg to client play-fork-run-dd38dcf1-e5e9-4220-954b-0279d0b638cd: BackgroundJobLogEvent(2,LogMessage(info,Stopping Play fork run ...))
Sending msg to client play-fork-run-dd38dcf1-e5e9-4220-954b-0279d0b638cd: TaskFinished(19,1666,None,true,None)
Sending msg to client play-fork-run-dd38dcf1-e5e9-4220-954b-0279d0b638cd: TaskStarted(19,1665,None)
Sending msg to client play-fork-run-dd38dcf1-e5e9-4220-954b-0279d0b638cd: TaskFinished(19,1665,None,true,None)
Sending msg to client play-fork-run-dd38dcf1-e5e9-4220-954b-0279d0b638cd: DetachedLogEvent(LogMessage(debug,cancel strategy finish enabled=false lastCommand=Some(LastCommand(CommandExecutionWork(ExecutionId(19),jobStop 2,Set(LiveClient(activator 3cc7d2fb-4fe9-408d-ae6b-f100af0f221a)),sbt.server.WorkCancellationStatus$$anon$1@658947c2)))))
Sending msg to client play-fork-run-dd38dcf1-e5e9-4220-954b-0279d0b638cd: DetachedLogEvent(LogSuccess(Total time: 0 s, completed Jun 17, 2015 3:08:27 PM))
Sending msg to client play-fork-run-dd38dcf1-e5e9-4220-954b-0279d0b638cd: DetachedLogEvent(LogMessage(debug,> server-post-command-cleanup))
Sending msg to client play-fork-run-dd38dcf1-e5e9-4220-954b-0279d0b638cd: ExecutionSuccess(19)
Sending msg to client play-fork-run-dd38dcf1-e5e9-4220-954b-0279d0b638cd: DetachedLogEvent(LogMessage(debug,> server-handle-next-server-request))
Got request: UnlistenToEvents()
Reading next message from client.
Sending msg to client play-fork-run-dd38dcf1-e5e9-4220-954b-0279d0b638cd: (9,ReceivedResponse())
Got request: UnlistenToValue(AttributeKey[play.forkrun.protocol.ForkConfig]("playForkConfig") in Scope(Build: file:/Users/psteinbach/website/playWebsite/psWeb/, , Project: ProjectReference(file:/Users/psteinbach/website/playWebsite/psWeb/,root)))
Reading next message from client.
Client play-fork-run-dd38dcf1-e5e9-4220-954b-0279d0b638cd EOF, shutting down.
Stopping client.
Client play-fork-run-dd38dcf1-e5e9-4220-954b-0279d0b638cd thread exiting.
Dropping message (10,ReceivedResponse()) to dead client play-fork-run-dd38dcf1-e5e9-4220-954b-0279d0b638cd
Dropping message (0,ReceivedResponse()) to dead client play-fork-run-dd38dcf1-e5e9-4220-954b-0279d0b638cd
